#
# A fatal error has been detected by the Java Runtime Environment:
#
#  Internal Error (generateOopMap.cpp:2164), pid=6908, tid=1904
#  fatal error: Illegal class file encountered. Try running with -Xverify:all in method testBuildMimeMessage
#
# JRE version: Java(TM) SE Runtime Environment (16.0+36) (build 16+36-2231)
# Java VM: Java HotSpot(TM) 64-Bit Server VM (16+36-2231, mixed mode, sharing, tiered, compressed oops, g1 gc, windows-amd64)
# No core dump will be written. Minidumps are not enabled by default on client versions of Windows
#
# If you would like to submit a bug report, please visit:
#   https://bugreport.java.com/bugreport/crash.jsp
#

---------------  S U M M A R Y ------------

Command Line: -XX:+ShowCodeDetailsInExceptionMessages -agentlib:jdwp=transport=dt_socket,suspend=y,address=localhost:60646 -ea -javaagent:D:\eclipse\configuration\org.eclipse.osgi\406\0\.cp\lib\javaagent-shaded.jar -Dfile.encoding=UTF-8 org.eclipse.jdt.internal.junit.runner.RemoteTestRunner -version 3 -port 60645 -testLoaderClass org.eclipse.jdt.internal.junit4.runner.JUnit4TestLoader -loaderpluginname org.eclipse.jdt.junit4.runtime -classNames org.apache.commons.mail.EmailTest

Host: Intel(R) Core(TM) i5-7300HQ CPU @ 2.50GHz, 4 cores, 7G,  Windows 10 , 64 bit Build 19041 (10.0.19041.804)
Time: Tue Mar 23 18:30:18 2021 Eastern Daylight Time elapsed time: 1324.105738 seconds (0d 0h 22m 4s)

---------------  T H R E A D  ---------------

Current thread (0x000001d9b437f2f0):  VMThread "VM Thread" [stack: 0x000000d0f9a00000,0x000000d0f9b00000] [id=1904]

Stack: [0x000000d0f9a00000,0x000000d0f9b00000]
Native frames: (J=compiled Java code, j=interpreted, Vv=VM code, C=native code)
V  [jvm.dll+0x6681da]
V  [jvm.dll+0x7c9d99]
V  [jvm.dll+0x7cb4d3]
V  [jvm.dll+0x7cbae7]
V  [jvm.dll+0x242c43]
V  [jvm.dll+0x330d09]
V  [jvm.dll+0x32f9bb]
V  [jvm.dll+0x32cdbf]
V  [jvm.dll+0x32c047]
V  [jvm.dll+0x656cde]
V  [jvm.dll+0x6569e3]
V  [jvm.dll+0x61c258]
V  [jvm.dll+0x7c1835]
V  [jvm.dll+0x5205b6]
V  [jvm.dll+0x7cff2b]
V  [jvm.dll+0x7d0c24]
V  [jvm.dll+0x7d1129]
V  [jvm.dll+0x7d13e4]
V  [jvm.dll+0x7d14b0]
V  [jvm.dll+0x77952a]
V  [jvm.dll+0x667076]
C  [ucrtbase.dll+0x21bb2]
C  [KERNEL32.DLL+0x17034]
C  [ntdll.dll+0x52651]

VM_Operation (0x000000d0fa5ff250): get/set locals, mode: safepoint, requested by thread 0x000001d9b5131d30


---------------  P R O C E S S  ---------------

Threads class SMR info:
_java_thread_list=0x000001d9b52dc6d0, length=16, elements={
0x000001d994d52690, 0x000001d9b4383e60, 0x000001d9b4384c30, 0x000001d9b4395090,
0x000001d9b43969b0, 0x000001d9b43972c0, 0x000001d9b4397bd0, 0x000001d9b43a3d20,
0x000001d9b43a86b0, 0x000001d9b43bcc10, 0x000001d9b43626a0, 0x000001d9b5131d30,
0x000001d9b513e270, 0x000001d9b51407c0, 0x000001d9b52e3f20, 0x000001d9b53135c0
}

Java Threads: ( => current thread )
  0x000001d994d52690 JavaThread "main" [_thread_blocked, id=4024, stack(0x000000d0f9400000,0x000000d0f9500000)]
  0x000001d9b4383e60 JavaThread "Reference Handler" daemon [_thread_blocked, id=10920, stack(0x000000d0f9b00000,0x000000d0f9c00000)]
  0x000001d9b4384c30 JavaThread "Finalizer" daemon [_thread_blocked, id=12108, stack(0x000000d0f9c00000,0x000000d0f9d00000)]
  0x000001d9b4395090 JavaThread "Signal Dispatcher" daemon [_thread_blocked, id=10652, stack(0x000000d0f9d00000,0x000000d0f9e00000)]
  0x000001d9b43969b0 JavaThread "Attach Listener" daemon [_thread_blocked, id=9192, stack(0x000000d0f9e00000,0x000000d0f9f00000)]
  0x000001d9b43972c0 JavaThread "Service Thread" daemon [_thread_blocked, id=3216, stack(0x000000d0f9f00000,0x000000d0fa000000)]
  0x000001d9b4397bd0 JavaThread "Monitor Deflation Thread" daemon [_thread_blocked, id=18572, stack(0x000000d0fa000000,0x000000d0fa100000)]
  0x000001d9b43a3d20 JavaThread "C2 CompilerThread0" daemon [_thread_blocked, id=19488, stack(0x000000d0fa100000,0x000000d0fa200000)]
  0x000001d9b43a86b0 JavaThread "C1 CompilerThread0" daemon [_thread_blocked, id=10432, stack(0x000000d0fa200000,0x000000d0fa300000)]
  0x000001d9b43bcc10 JavaThread "Sweeper thread" daemon [_thread_blocked, id=12252, stack(0x000000d0fa300000,0x000000d0fa400000)]
  0x000001d9b43626a0 JavaThread "Common-Cleaner" daemon [_thread_blocked, id=4692, stack(0x000000d0fa400000,0x000000d0fa500000)]
  0x000001d9b5131d30 JavaThread "JDWP Transport Listener: dt_socket" daemon [_thread_blocked, id=11776, stack(0x000000d0fa500000,0x000000d0fa600000)]
  0x000001d9b513e270 JavaThread "JDWP Event Helper Thread" daemon [_thread_blocked, id=9696, stack(0x000000d0fa600000,0x000000d0fa700000)]
  0x000001d9b51407c0 JavaThread "JDWP Command Reader" daemon [_thread_in_native, id=11432, stack(0x000000d0fa700000,0x000000d0fa800000)]
  0x000001d9b52e3f20 JavaThread "Notification Thread" daemon [_thread_blocked, id=11204, stack(0x000000d0fa800000,0x000000d0fa900000)]
  0x000001d9b53135c0 JavaThread "ReaderThread" [_thread_in_native, id=19988, stack(0x000000d0faa00000,0x000000d0fab00000)]

Other Threads:
=>0x000001d9b437f2f0 VMThread "VM Thread" [stack: 0x000000d0f9a00000,0x000000d0f9b00000] [id=1904]
  0x000001d994d537c0 WatcherThread [stack: 0x000000d0fa900000,0x000000d0faa00000] [id=10100]
  0x000001d994d90480 GCTaskThread "GC Thread#0" [stack: 0x000000d0f9500000,0x000000d0f9600000] [id=11828]
  0x000001d994da18f0 ConcurrentGCThread "G1 Main Marker" [stack: 0x000000d0f9600000,0x000000d0f9700000] [id=10144]
  0x000001d994da22f0 ConcurrentGCThread "G1 Conc#0" [stack: 0x000000d0f9700000,0x000000d0f9800000] [id=20008]
  0x000001d994e1af30 ConcurrentGCThread "G1 Refine#0" [stack: 0x000000d0f9800000,0x000000d0f9900000] [id=18340]
  0x000001d994e1b940 ConcurrentGCThread "G1 Service" [stack: 0x000000d0f9900000,0x000000d0f9a00000] [id=3052]

Threads with active compile tasks:

VM state: at safepoint (normal execution)

VM Mutex/Monitor currently owned by a thread:  ([mutex/lock_event])
[0x000001d994d4f020] Threads_lock - owner thread: 0x000001d9b437f2f0

Heap address: 0x0000000081c00000, size: 2020 MB, Compressed Oops mode: 32-bit
CDS archive(s) mapped at: [0x0000000800000000-0x0000000800bb0000-0x0000000800bb0000), size 12255232, SharedBaseAddress: 0x0000000800000000, ArchiveRelocationMode: 0.
Compressed class space mapped at: 0x0000000800c00000-0x0000000840c00000, reserved size: 1073741824
Narrow klass base: 0x0000000800000000, Narrow klass shift: 3, Narrow klass range: 0x100000000

GC Precious Log:
 CPUs: 4 total, 4 available
 Memory: 8075M
 Large Page Support: Disabled
 NUMA Support: Disabled
 Compressed Oops: Enabled (32-bit)
 Heap Region Size: 1M
 Heap Min Capacity: 8M
 Heap Initial Capacity: 128M
 Heap Max Capacity: 2020M
 Pre-touch: Disabled
 Parallel Workers: 4
 Concurrent Workers: 1
 Concurrent Refinement Workers: 4
 Periodic GC: Disabled

Heap:
 garbage-first heap   total 131072K, used 7168K [0x0000000081c00000, 0x0000000100000000)
  region size 1024K, 8 young (8192K), 0 survivors (0K)
 Metaspace       used 3855K, committed 3968K, reserved 1056768K
  class space    used 383K, committed 448K, reserved 1048576K

Heap Regions: E=young(eden), S=young(survivor), O=old, HS=humongous(starts), HC=humongous(continues), CS=collection set, F=free, OA=open archive, CA=closed archive, TAMS=top-at-mark-start (previous, next)
|   0|0x0000000081c00000, 0x0000000081c00000, 0x0000000081d00000|  0%| F|  |TAMS 0x0000000081c00000, 0x0000000081c00000| Untracked 
|   1|0x0000000081d00000, 0x0000000081d00000, 0x0000000081e00000|  0%| F|  |TAMS 0x0000000081d00000, 0x0000000081d00000| Untracked 
|   2|0x0000000081e00000, 0x0000000081e00000, 0x0000000081f00000|  0%| F|  |TAMS 0x0000000081e00000, 0x0000000081e00000| Untracked 
|   3|0x0000000081f00000, 0x0000000081f00000, 0x0000000082000000|  0%| F|  |TAMS 0x0000000081f00000, 0x0000000081f00000| Untracked 
|   4|0x0000000082000000, 0x0000000082000000, 0x0000000082100000|  0%| F|  |TAMS 0x0000000082000000, 0x0000000082000000| Untracked 
|   5|0x0000000082100000, 0x0000000082100000, 0x0000000082200000|  0%| F|  |TAMS 0x0000000082100000, 0x0000000082100000| Untracked 
|   6|0x0000000082200000, 0x0000000082200000, 0x0000000082300000|  0%| F|  |TAMS 0x0000000082200000, 0x0000000082200000| Untracked 
|   7|0x0000000082300000, 0x0000000082300000, 0x0000000082400000|  0%| F|  |TAMS 0x0000000082300000, 0x0000000082300000| Untracked 
|   8|0x0000000082400000, 0x0000000082400000, 0x0000000082500000|  0%| F|  |TAMS 0x0000000082400000, 0x0000000082400000| Untracked 
|   9|0x0000000082500000, 0x0000000082500000, 0x0000000082600000|  0%| F|  |TAMS 0x0000000082500000, 0x0000000082500000| Untracked 
|  10|0x0000000082600000, 0x0000000082600000, 0x0000000082700000|  0%| F|  |TAMS 0x0000000082600000, 0x0000000082600000| Untracked 
|  11|0x0000000082700000, 0x0000000082700000, 0x0000000082800000|  0%| F|  |TAMS 0x0000000082700000, 0x0000000082700000| Untracked 
|  12|0x0000000082800000, 0x0000000082800000, 0x0000000082900000|  0%| F|  |TAMS 0x0000000082800000, 0x0000000082800000| Untracked 
|  13|0x0000000082900000, 0x0000000082900000, 0x0000000082a00000|  0%| F|  |TAMS 0x0000000082900000, 0x0000000082900000| Untracked 
|  14|0x0000000082a00000, 0x0000000082a00000, 0x0000000082b00000|  0%| F|  |TAMS 0x0000000082a00000, 0x0000000082a00000| Untracked 
|  15|0x0000000082b00000, 0x0000000082b00000, 0x0000000082c00000|  0%| F|  |TAMS 0x0000000082b00000, 0x0000000082b00000| Untracked 
|  16|0x0000000082c00000, 0x0000000082c00000, 0x0000000082d00000|  0%| F|  |TAMS 0x0000000082c00000, 0x0000000082c00000| Untracked 
|  17|0x0000000082d00000, 0x0000000082d00000, 0x0000000082e00000|  0%| F|  |TAMS 0x0000000082d00000, 0x0000000082d00000| Untracked 
|  18|0x0000000082e00000, 0x0000000082e00000, 0x0000000082f00000|  0%| F|  |TAMS 0x0000000082e00000, 0x0000000082e00000| Untracked 
|  19|0x0000000082f00000, 0x0000000082f00000, 0x0000000083000000|  0%| F|  |TAMS 0x0000000082f00000, 0x0000000082f00000| Untracked 
|  20|0x0000000083000000, 0x0000000083000000, 0x0000000083100000|  0%| F|  |TAMS 0x0000000083000000, 0x0000000083000000| Untracked 
|  21|0x0000000083100000, 0x0000000083100000, 0x0000000083200000|  0%| F|  |TAMS 0x0000000083100000, 0x0000000083100000| Untracked 
|  22|0x0000000083200000, 0x0000000083200000, 0x0000000083300000|  0%| F|  |TAMS 0x0000000083200000, 0x0000000083200000| Untracked 
|  23|0x0000000083300000, 0x0000000083300000, 0x0000000083400000|  0%| F|  |TAMS 0x0000000083300000, 0x0000000083300000| Untracked 
|  24|0x0000000083400000, 0x0000000083400000, 0x0000000083500000|  0%| F|  |TAMS 0x0000000083400000, 0x0000000083400000| Untracked 
|  25|0x0000000083500000, 0x0000000083500000, 0x0000000083600000|  0%| F|  |TAMS 0x0000000083500000, 0x0000000083500000| Untracked 
|  26|0x0000000083600000, 0x0000000083600000, 0x0000000083700000|  0%| F|  |TAMS 0x0000000083600000, 0x0000000083600000| Untracked 
|  27|0x0000000083700000, 0x0000000083700000, 0x0000000083800000|  0%| F|  |TAMS 0x0000000083700000, 0x0000000083700000| Untracked 
|  28|0x0000000083800000, 0x0000000083800000, 0x0000000083900000|  0%| F|  |TAMS 0x0000000083800000, 0x0000000083800000| Untracked 
|  29|0x0000000083900000, 0x0000000083900000, 0x0000000083a00000|  0%| F|  |TAMS 0x0000000083900000, 0x0000000083900000| Untracked 
|  30|0x0000000083a00000, 0x0000000083a00000, 0x0000000083b00000|  0%| F|  |TAMS 0x0000000083a00000, 0x0000000083a00000| Untracked 
|  31|0x0000000083b00000, 0x0000000083b00000, 0x0000000083c00000|  0%| F|  |TAMS 0x0000000083b00000, 0x0000000083b00000| Untracked 
|  32|0x0000000083c00000, 0x0000000083c00000, 0x0000000083d00000|  0%| F|  |TAMS 0x0000000083c00000, 0x0000000083c00000| Untracked 
|  33|0x0000000083d00000, 0x0000000083d00000, 0x0000000083e00000|  0%| F|  |TAMS 0x0000000083d00000, 0x0000000083d00000| Untracked 
|  34|0x0000000083e00000, 0x0000000083e00000, 0x0000000083f00000|  0%| F|  |TAMS 0x0000000083e00000, 0x0000000083e00000| Untracked 
|  35|0x0000000083f00000, 0x0000000083f00000, 0x0000000084000000|  0%| F|  |TAMS 0x0000000083f00000, 0x0000000083f00000| Untracked 
|  36|0x0000000084000000, 0x0000000084000000, 0x0000000084100000|  0%| F|  |TAMS 0x0000000084000000, 0x0000000084000000| Untracked 
|  37|0x0000000084100000, 0x0000000084100000, 0x0000000084200000|  0%| F|  |TAMS 0x0000000084100000, 0x0000000084100000| Untracked 
|  38|0x0000000084200000, 0x0000000084200000, 0x0000000084300000|  0%| F|  |TAMS 0x0000000084200000, 0x0000000084200000| Untracked 
|  39|0x0000000084300000, 0x0000000084300000, 0x0000000084400000|  0%| F|  |TAMS 0x0000000084300000, 0x0000000084300000| Untracked 
|  40|0x0000000084400000, 0x0000000084400000, 0x0000000084500000|  0%| F|  |TAMS 0x0000000084400000, 0x0000000084400000| Untracked 
|  41|0x0000000084500000, 0x0000000084500000, 0x0000000084600000|  0%| F|  |TAMS 0x0000000084500000, 0x0000000084500000| Untracked 
|  42|0x0000000084600000, 0x0000000084600000, 0x0000000084700000|  0%| F|  |TAMS 0x0000000084600000, 0x0000000084600000| Untracked 
|  43|0x0000000084700000, 0x0000000084700000, 0x0000000084800000|  0%| F|  |TAMS 0x0000000084700000, 0x0000000084700000| Untracked 
|  44|0x0000000084800000, 0x0000000084800000, 0x0000000084900000|  0%| F|  |TAMS 0x0000000084800000, 0x0000000084800000| Untracked 
|  45|0x0000000084900000, 0x0000000084900000, 0x0000000084a00000|  0%| F|  |TAMS 0x0000000084900000, 0x0000000084900000| Untracked 
|  46|0x0000000084a00000, 0x0000000084a00000, 0x0000000084b00000|  0%| F|  |TAMS 0x0000000084a00000, 0x0000000084a00000| Untracked 
|  47|0x0000000084b00000, 0x0000000084b00000, 0x0000000084c00000|  0%| F|  |TAMS 0x0000000084b00000, 0x0000000084b00000| Untracked 
|  48|0x0000000084c00000, 0x0000000084c00000, 0x0000000084d00000|  0%| F|  |TAMS 0x0000000084c00000, 0x0000000084c00000| Untracked 
|  49|0x0000000084d00000, 0x0000000084d00000, 0x0000000084e00000|  0%| F|  |TAMS 0x0000000084d00000, 0x0000000084d00000| Untracked 
|  50|0x0000000084e00000, 0x0000000084e00000, 0x0000000084f00000|  0%| F|  |TAMS 0x0000000084e00000, 0x0000000084e00000| Untracked 
|  51|0x0000000084f00000, 0x0000000084f00000, 0x0000000085000000|  0%| F|  |TAMS 0x0000000084f00000, 0x0000000084f00000| Untracked 
|  52|0x0000000085000000, 0x0000000085000000, 0x0000000085100000|  0%| F|  |TAMS 0x0000000085000000, 0x0000000085000000| Untracked 
|  53|0x0000000085100000, 0x0000000085100000, 0x0000000085200000|  0%| F|  |TAMS 0x0000000085100000, 0x0000000085100000| Untracked 
|  54|0x0000000085200000, 0x0000000085200000, 0x0000000085300000|  0%| F|  |TAMS 0x0000000085200000, 0x0000000085200000| Untracked 
|  55|0x0000000085300000, 0x0000000085300000, 0x0000000085400000|  0%| F|  |TAMS 0x0000000085300000, 0x0000000085300000| Untracked 
|  56|0x0000000085400000, 0x0000000085400000, 0x0000000085500000|  0%| F|  |TAMS 0x0000000085400000, 0x0000000085400000| Untracked 
|  57|0x0000000085500000, 0x0000000085500000, 0x0000000085600000|  0%| F|  |TAMS 0x0000000085500000, 0x0000000085500000| Untracked 
|  58|0x0000000085600000, 0x0000000085600000, 0x0000000085700000|  0%| F|  |TAMS 0x0000000085600000, 0x0000000085600000| Untracked 
|  59|0x0000000085700000, 0x0000000085700000, 0x0000000085800000|  0%| F|  |TAMS 0x0000000085700000, 0x0000000085700000| Untracked 
|  60|0x0000000085800000, 0x0000000085800000, 0x0000000085900000|  0%| F|  |TAMS 0x0000000085800000, 0x0000000085800000| Untracked 
|  61|0x0000000085900000, 0x0000000085900000, 0x0000000085a00000|  0%| F|  |TAMS 0x0000000085900000, 0x0000000085900000| Untracked 
|  62|0x0000000085a00000, 0x0000000085a00000, 0x0000000085b00000|  0%| F|  |TAMS 0x0000000085a00000, 0x0000000085a00000| Untracked 
|  63|0x0000000085b00000, 0x0000000085b00000, 0x0000000085c00000|  0%| F|  |TAMS 0x0000000085b00000, 0x0000000085b00000| Untracked 
|  64|0x0000000085c00000, 0x0000000085c00000, 0x0000000085d00000|  0%| F|  |TAMS 0x0000000085c00000, 0x0000000085c00000| Untracked 
|  65|0x0000000085d00000, 0x0000000085d00000, 0x0000000085e00000|  0%| F|  |TAMS 0x0000000085d00000, 0x0000000085d00000| Untracked 
|  66|0x0000000085e00000, 0x0000000085e00000, 0x0000000085f00000|  0%| F|  |TAMS 0x0000000085e00000, 0x0000000085e00000| Untracked 
|  67|0x0000000085f00000, 0x0000000085f00000, 0x0000000086000000|  0%| F|  |TAMS 0x0000000085f00000, 0x0000000085f00000| Untracked 
|  68|0x0000000086000000, 0x0000000086000000, 0x0000000086100000|  0%| F|  |TAMS 0x0000000086000000, 0x0000000086000000| Untracked 
|  69|0x0000000086100000, 0x0000000086100000, 0x0000000086200000|  0%| F|  |TAMS 0x0000000086100000, 0x0000000086100000| Untracked 
|  70|0x0000000086200000, 0x0000000086200000, 0x0000000086300000|  0%| F|  |TAMS 0x0000000086200000, 0x0000000086200000| Untracked 
|  71|0x0000000086300000, 0x0000000086300000, 0x0000000086400000|  0%| F|  |TAMS 0x0000000086300000, 0x0000000086300000| Untracked 
|  72|0x0000000086400000, 0x0000000086400000, 0x0000000086500000|  0%| F|  |TAMS 0x0000000086400000, 0x0000000086400000| Untracked 
|  73|0x0000000086500000, 0x0000000086500000, 0x0000000086600000|  0%| F|  |TAMS 0x0000000086500000, 0x0000000086500000| Untracked 
|  74|0x0000000086600000, 0x0000000086600000, 0x0000000086700000|  0%| F|  |TAMS 0x0000000086600000, 0x0000000086600000| Untracked 
|  75|0x0000000086700000, 0x0000000086700000, 0x0000000086800000|  0%| F|  |TAMS 0x0000000086700000, 0x0000000086700000| Untracked 
|  76|0x0000000086800000, 0x0000000086800000, 0x0000000086900000|  0%| F|  |TAMS 0x0000000086800000, 0x0000000086800000| Untracked 
|  77|0x0000000086900000, 0x0000000086900000, 0x0000000086a00000|  0%| F|  |TAMS 0x0000000086900000, 0x0000000086900000| Untracked 
|  78|0x0000000086a00000, 0x0000000086a00000, 0x0000000086b00000|  0%| F|  |TAMS 0x0000000086a00000, 0x0000000086a00000| Untracked 
|  79|0x0000000086b00000, 0x0000000086b00000, 0x0000000086c00000|  0%| F|  |TAMS 0x0000000086b00000, 0x0000000086b00000| Untracked 
|  80|0x0000000086c00000, 0x0000000086c00000, 0x0000000086d00000|  0%| F|  |TAMS 0x0000000086c00000, 0x0000000086c00000| Untracked 
|  81|0x0000000086d00000, 0x0000000086d00000, 0x0000000086e00000|  0%| F|  |TAMS 0x0000000086d00000, 0x0000000086d00000| Untracked 
|  82|0x0000000086e00000, 0x0000000086e00000, 0x0000000086f00000|  0%| F|  |TAMS 0x0000000086e00000, 0x0000000086e00000| Untracked 
|  83|0x0000000086f00000, 0x0000000086f00000, 0x0000000087000000|  0%| F|  |TAMS 0x0000000086f00000, 0x0000000086f00000| Untracked 
|  84|0x0000000087000000, 0x0000000087000000, 0x0000000087100000|  0%| F|  |TAMS 0x0000000087000000, 0x0000000087000000| Untracked 
|  85|0x0000000087100000, 0x0000000087100000, 0x0000000087200000|  0%| F|  |TAMS 0x0000000087100000, 0x0000000087100000| Untracked 
|  86|0x0000000087200000, 0x0000000087200000, 0x0000000087300000|  0%| F|  |TAMS 0x0000000087200000, 0x0000000087200000| Untracked 
|  87|0x0000000087300000, 0x0000000087300000, 0x0000000087400000|  0%| F|  |TAMS 0x0000000087300000, 0x0000000087300000| Untracked 
|  88|0x0000000087400000, 0x0000000087400000, 0x0000000087500000|  0%| F|  |TAMS 0x0000000087400000, 0x0000000087400000| Untracked 
|  89|0x0000000087500000, 0x0000000087500000, 0x0000000087600000|  0%| F|  |TAMS 0x0000000087500000, 0x0000000087500000| Untracked 
|  90|0x0000000087600000, 0x0000000087600000, 0x0000000087700000|  0%| F|  |TAMS 0x0000000087600000, 0x0000000087600000| Untracked 
|  91|0x0000000087700000, 0x0000000087700000, 0x0000000087800000|  0%| F|  |TAMS 0x0000000087700000, 0x0000000087700000| Untracked 
|  92|0x0000000087800000, 0x0000000087800000, 0x0000000087900000|  0%| F|  |TAMS 0x0000000087800000, 0x0000000087800000| Untracked 
|  93|0x0000000087900000, 0x0000000087900000, 0x0000000087a00000|  0%| F|  |TAMS 0x0000000087900000, 0x0000000087900000| Untracked 
|  94|0x0000000087a00000, 0x0000000087a00000, 0x0000000087b00000|  0%| F|  |TAMS 0x0000000087a00000, 0x0000000087a00000| Untracked 
|  95|0x0000000087b00000, 0x0000000087b00000, 0x0000000087c00000|  0%| F|  |TAMS 0x0000000087b00000, 0x0000000087b00000| Untracked 
|  96|0x0000000087c00000, 0x0000000087c00000, 0x0000000087d00000|  0%| F|  |TAMS 0x0000000087c00000, 0x0000000087c00000| Untracked 
|  97|0x0000000087d00000, 0x0000000087d00000, 0x0000000087e00000|  0%| F|  |TAMS 0x0000000087d00000, 0x0000000087d00000| Untracked 
|  98|0x0000000087e00000, 0x0000000087e00000, 0x0000000087f00000|  0%| F|  |TAMS 0x0000000087e00000, 0x0000000087e00000| Untracked 
|  99|0x0000000087f00000, 0x0000000087f00000, 0x0000000088000000|  0%| F|  |TAMS 0x0000000087f00000, 0x0000000087f00000| Untracked 
| 100|0x0000000088000000, 0x0000000088000000, 0x0000000088100000|  0%| F|  |TAMS 0x0000000088000000, 0x0000000088000000| Untracked 
| 101|0x0000000088100000, 0x0000000088100000, 0x0000000088200000|  0%| F|  |TAMS 0x0000000088100000, 0x0000000088100000| Untracked 
| 102|0x0000000088200000, 0x0000000088200000, 0x0000000088300000|  0%| F|  |TAMS 0x0000000088200000, 0x0000000088200000| Untracked 
| 103|0x0000000088300000, 0x0000000088300000, 0x0000000088400000|  0%| F|  |TAMS 0x0000000088300000, 0x0000000088300000| Untracked 
| 104|0x0000000088400000, 0x0000000088400000, 0x0000000088500000|  0%| F|  |TAMS 0x0000000088400000, 0x0000000088400000| Untracked 
| 105|0x0000000088500000, 0x0000000088500000, 0x0000000088600000|  0%| F|  |TAMS 0x0000000088500000, 0x0000000088500000| Untracked 
| 106|0x0000000088600000, 0x0000000088600000, 0x0000000088700000|  0%| F|  |TAMS 0x0000000088600000, 0x0000000088600000| Untracked 
| 107|0x0000000088700000, 0x0000000088700000, 0x0000000088800000|  0%| F|  |TAMS 0x0000000088700000, 0x0000000088700000| Untracked 
| 108|0x0000000088800000, 0x0000000088800000, 0x0000000088900000|  0%| F|  |TAMS 0x0000000088800000, 0x0000000088800000| Untracked 
| 109|0x0000000088900000, 0x0000000088900000, 0x0000000088a00000|  0%| F|  |TAMS 0x0000000088900000, 0x0000000088900000| Untracked 
| 110|0x0000000088a00000, 0x0000000088a00000, 0x0000000088b00000|  0%| F|  |TAMS 0x0000000088a00000, 0x0000000088a00000| Untracked 
| 111|0x0000000088b00000, 0x0000000088b00000, 0x0000000088c00000|  0%| F|  |TAMS 0x0000000088b00000, 0x0000000088b00000| Untracked 
| 112|0x0000000088c00000, 0x0000000088c00000, 0x0000000088d00000|  0%| F|  |TAMS 0x0000000088c00000, 0x0000000088c00000| Untracked 
| 113|0x0000000088d00000, 0x0000000088d00000, 0x0000000088e00000|  0%| F|  |TAMS 0x0000000088d00000, 0x0000000088d00000| Untracked 
| 114|0x0000000088e00000, 0x0000000088e00000, 0x0000000088f00000|  0%| F|  |TAMS 0x0000000088e00000, 0x0000000088e00000| Untracked 
| 115|0x0000000088f00000, 0x0000000088f00000, 0x0000000089000000|  0%| F|  |TAMS 0x0000000088f00000, 0x0000000088f00000| Untracked 
| 116|0x0000000089000000, 0x0000000089000000, 0x0000000089100000|  0%| F|  |TAMS 0x0000000089000000, 0x0000000089000000| Untracked 
| 117|0x0000000089100000, 0x0000000089100000, 0x0000000089200000|  0%| F|  |TAMS 0x0000000089100000, 0x0000000089100000| Untracked 
| 118|0x0000000089200000, 0x0000000089200000, 0x0000000089300000|  0%| F|  |TAMS 0x0000000089200000, 0x0000000089200000| Untracked 
| 119|0x0000000089300000, 0x0000000089300000, 0x0000000089400000|  0%| F|  |TAMS 0x0000000089300000, 0x0000000089300000| Untracked 
| 120|0x0000000089400000, 0x0000000089443130, 0x0000000089500000| 26%| E|  |TAMS 0x0000000089400000, 0x0000000089400000| Complete 
| 121|0x0000000089500000, 0x0000000089600000, 0x0000000089600000|100%| E|CS|TAMS 0x0000000089500000, 0x0000000089500000| Complete 
| 122|0x0000000089600000, 0x0000000089700000, 0x0000000089700000|100%| E|CS|TAMS 0x0000000089600000, 0x0000000089600000| Complete 
| 123|0x0000000089700000, 0x0000000089800000, 0x0000000089800000|100%| E|CS|TAMS 0x0000000089700000, 0x0000000089700000| Complete 
| 124|0x0000000089800000, 0x0000000089900000, 0x0000000089900000|100%| E|CS|TAMS 0x0000000089800000, 0x0000000089800000| Complete 
| 125|0x0000000089900000, 0x0000000089a00000, 0x0000000089a00000|100%| E|CS|TAMS 0x0000000089900000, 0x0000000089900000| Complete 
| 126|0x0000000089a00000, 0x0000000089b00000, 0x0000000089b00000|100%| E|CS|TAMS 0x0000000089a00000, 0x0000000089a00000| Complete 
| 127|0x0000000089b00000, 0x0000000089c00000, 0x0000000089c00000|100%| E|CS|TAMS 0x0000000089b00000, 0x0000000089b00000| Complete 

Card table byte_map: [0x000001d9ad690000,0x000001d9ada90000] _byte_map_base: 0x000001d9ad282000

Marking Bits (Prev, Next): (CMBitMap*) 0x000001d994d90a80, (CMBitMap*) 0x000001d994d90ac0
 Prev Bits: [0x000001d9ade90000, 0x000001d9afe20000)
 Next Bits: [0x000001d9afe20000, 0x000001d9b1db0000)

Polling page: 0x000001d994be0000

Metaspace:

Usage:
  Non-class:      3.39 MB used.
      Class:    383.26 KB used.
       Both:      3.76 MB used.

Virtual space:
  Non-class space:        8.00 MB reserved,       3.44 MB ( 43%) committed,  1 nodes.
      Class space:        1.00 GB reserved,     448.00 KB ( <1%) committed,  1 nodes.
              Both:        1.01 GB reserved,       3.88 MB ( <1%) committed. 

Chunk freelists:
   Non-Class:  3.44 MB
       Class:  3.52 MB
        Both:  6.95 MB

MaxMetaspaceSize: 17179869184.00 GB
CompressedClassSpaceSize: 1.00 GB
 - commit_granule_bytes: 65536.
 - commit_granule_words: 8192.
 - virtual_space_node_default_size: 1048576.
 - enlarge_chunks_in_place: 1.
 - new_chunks_are_fully_committed: 0.
 - uncommit_free_chunks: 1.
 - use_allocation_guard: 0.
 - handle_deallocations: 1.


Internal statistics:

num_allocs_failed_limit: 0.
num_arena_births: 14.
num_arena_deaths: 0.
num_vsnodes_births: 2.
num_vsnodes_deaths: 0.
num_space_committed: 62.
num_space_uncommitted: 0.
num_chunks_returned_to_freelist: 0.
num_chunks_taken_from_freelist: 54.
num_chunk_merges: 0.
num_chunk_splits: 29.
num_chunks_enlarged: 23.
num_purges: 0.

CodeHeap 'non-profiled nmethods': size=120000Kb used=200Kb max_used=200Kb free=119799Kb
 bounds [0x000001d9a5740000, 0x000001d9a59b0000, 0x000001d9acc70000]
CodeHeap 'profiled nmethods': size=120000Kb used=1051Kb max_used=1051Kb free=118948Kb
 bounds [0x000001d99e210000, 0x000001d99e480000, 0x000001d9a5740000]
CodeHeap 'non-nmethods': size=5760Kb used=1225Kb max_used=1241Kb free=4534Kb
 bounds [0x000001d99dc70000, 0x000001d99dee0000, 0x000001d99e210000]
 total_blobs=1051 nmethods=614 adapters=350
 compilation: enabled
              stopped_count=0, restarted_count=0
 full_count=0

Compilation events (20 events):
Event: 0.484 Thread 0x000001d9b43a3d20  603       4       java.nio.DirectByteBuffer::ix (10 bytes)
Event: 0.485 Thread 0x000001d9b43a3d20 nmethod 603 0x000001d9a5771c90 code [0x000001d9a5771e00, 0x000001d9a5771e78]
Event: 0.485 Thread 0x000001d9b43a86b0  606       3       java.io.FilterInputStream::read (8 bytes)
Event: 0.485 Thread 0x000001d9b43a86b0 nmethod 606 0x000001d99e314410 code [0x000001d99e3145c0, 0x000001d99e3147a8]
Event: 0.485 Thread 0x000001d9b43a86b0  607       3       java.util.zip.InflaterInputStream::read (32 bytes)
Event: 0.486 Thread 0x000001d9b43a86b0 nmethod 607 0x000001d99e314890 code [0x000001d99e314a80, 0x000001d99e314ef8]
Event: 0.486 Thread 0x000001d9b43a86b0  608       3       java.lang.Character::charCount (12 bytes)
Event: 0.486 Thread 0x000001d9b43a86b0 nmethod 608 0x000001d99e315090 code [0x000001d99e315240, 0x000001d99e3153b8]
Event: 0.486 Thread 0x000001d9b43a86b0  609       3       java.lang.Byte::toUnsignedInt (6 bytes)
Event: 0.486 Thread 0x000001d9b43a86b0 nmethod 609 0x000001d99e315490 code [0x000001d99e315620, 0x000001d99e315718]
Event: 0.487 Thread 0x000001d9b43a86b0  610       3       java.lang.StringLatin1::indexOf (121 bytes)
Event: 0.487 Thread 0x000001d9b43a86b0 nmethod 610 0x000001d99e315790 code [0x000001d99e315960, 0x000001d99e315e78]
Event: 0.487 Thread 0x000001d9b43a86b0  611       3       java.io.InputStream::<init> (5 bytes)
Event: 0.487 Thread 0x000001d9b43a86b0 nmethod 611 0x000001d99e316090 code [0x000001d99e316240, 0x000001d99e316398]
Event: 0.489 Thread 0x000001d9b43a86b0  612       3       java.util.ArrayList::iterator (9 bytes)
Event: 0.489 Thread 0x000001d9b43a86b0 nmethod 612 0x000001d99e316490 code [0x000001d99e316640, 0x000001d99e3168d8]
Event: 0.489 Thread 0x000001d9b43a86b0  613       3       java.util.ArrayList$Itr::<init> (26 bytes)
Event: 0.489 Thread 0x000001d9b43a86b0 nmethod 613 0x000001d99e316a10 code [0x000001d99e316bc0, 0x000001d99e316d98]
Event: 0.489 Thread 0x000001d9b43a3d20  614       4       java.lang.Math::max (11 bytes)
Event: 0.490 Thread 0x000001d9b43a3d20 nmethod 614 0x000001d9a5771f90 code [0x000001d9a5772100, 0x000001d9a5772158]

GC Heap History (0 events):
No events

Deoptimization events (16 events):
Event: 0.211 Thread 0x000001d994d52690 Uncommon trap: trap_request=0xffffff45 fr.pc=0x000001d9a574c7f4 relative=0x0000000000000af4
Event: 0.211 Thread 0x000001d994d52690 Uncommon trap: reason=unstable_if action=reinterpret pc=0x000001d9a574c7f4 method=java.util.HashMap.putVal(ILjava/lang/Object;Ljava/lang/Object;ZZ)Ljava/lang/Object; @ 181 c2
Event: 0.211 Thread 0x000001d994d52690 DEOPT PACKING pc=0x000001d9a574c7f4 sp=0x000000d0f94fe7b0
Event: 0.211 Thread 0x000001d994d52690 DEOPT UNPACKING pc=0x000001d99dcbd72e sp=0x000000d0f94fe770 mode 2
Event: 0.311 Thread 0x000001d994d52690 Uncommon trap: trap_request=0xffffff45 fr.pc=0x000001d9a5750688 relative=0x00000000000000e8
Event: 0.311 Thread 0x000001d994d52690 Uncommon trap: reason=unstable_if action=reinterpret pc=0x000001d9a5750688 method=java.lang.String.charAt(I)C @ 4 c2
Event: 0.312 Thread 0x000001d994d52690 DEOPT PACKING pc=0x000001d9a5750688 sp=0x000000d0f94fedc0
Event: 0.312 Thread 0x000001d994d52690 DEOPT UNPACKING pc=0x000001d99dcbd72e sp=0x000000d0f94fed70 mode 2
Event: 0.380 Thread 0x000001d994d52690 DEOPT PACKING pc=0x000001d99e284779 sp=0x000000d0f94fa530
Event: 0.380 Thread 0x000001d994d52690 DEOPT UNPACKING pc=0x000001d99dcbdece sp=0x000000d0f94f99b8 mode 0
Event: 0.387 Thread 0x000001d994d52690 DEOPT PACKING pc=0x000001d99e284779 sp=0x000000d0f94f9e80
Event: 0.387 Thread 0x000001d994d52690 DEOPT UNPACKING pc=0x000001d99dcbdece sp=0x000000d0f94f9308 mode 0
Event: 0.483 Thread 0x000001d994d52690 Uncommon trap: trap_request=0xffffff45 fr.pc=0x000001d9a5768180 relative=0x00000000000005e0
Event: 0.483 Thread 0x000001d994d52690 Uncommon trap: reason=unstable_if action=reinterpret pc=0x000001d9a5768180 method=java.lang.StringLatin1.indexOf([BI[BII)I @ 80 c2
Event: 0.483 Thread 0x000001d994d52690 DEOPT PACKING pc=0x000001d9a5768180 sp=0x000000d0f94fce20
Event: 0.483 Thread 0x000001d994d52690 DEOPT UNPACKING pc=0x000001d99dcbd72e sp=0x000000d0f94fcd90 mode 2

Classes unloaded (0 events):
No events

Classes redefined (3 events):
Event: 121.468 Thread 0x000001d9b437f2f0 redefined class name=org.apache.commons.mail.EmailTest, count=1
Event: 300.857 Thread 0x000001d9b437f2f0 redefined class name=org.apache.commons.mail.EmailTest, count=2
Event: 368.712 Thread 0x000001d9b437f2f0 redefined class name=org.apache.commons.mail.EmailTest, count=3

Internal exceptions (5 events):
Event: 0.305 Thread 0x000001d994d52690 Exception <a 'java/lang/NoSuchMethodError'{0x000000008971c320}: 'java.lang.Object java.lang.invoke.DirectMethodHandle$Holder.invokeStatic(java.lang.Object)'> (0x000000008971c320) 
thrown [t:\workspace\open\src\hotspot\share\interpreter\linkResolver.cpp, line 790]
Event: 0.341 Thread 0x000001d994d52690 Exception <a 'java/lang/NoSuchMethodError'{0x0000000089772c98}: 'java.lang.Object java.lang.invoke.DirectMethodHandle$Holder.invokeStaticInit(java.lang.Object)'> (0x0000000089772c98) 
thrown [t:\workspace\open\src\hotspot\share\interpreter\linkResolver.cpp, line 790]
Event: 0.346 Thread 0x000001d994d52690 Exception <a 'java/lang/NoSuchMethodError'{0x000000008977f9f8}: 'void java.lang.invoke.DirectMethodHandle$Holder.invokeStatic(java.lang.Object, java.lang.Object)'> (0x000000008977f9f8) 
thrown [t:\workspace\open\src\hotspot\share\interpreter\linkResolver.cpp, line 790]
Event: 0.418 Thread 0x000001d994d52690 Exception <a 'java/lang/NoSuchMethodError'{0x00000000896e94a0}: 'java.lang.Object java.lang.invoke.DirectMethodHandle$Holder.invokeInterface(java.lang.Object, java.lang.Object)'> (0x00000000896e94a0) 
thrown [t:\workspace\open\src\hotspot\share\interpreter\linkResolver.cpp, line 790]
Event: 0.419 Thread 0x000001d994d52690 Exception <a 'java/lang/IncompatibleClassChangeError'{0x00000000896ece98}: Found class java.lang.Object, but interface was expected> (0x00000000896ece98) 
thrown [t:\workspace\open\src\hotspot\share\interpreter\linkResolver.cpp, line 857]

Events (20 events):
Event: 1323.681 Executing  VM operation: get/set locals done
Event: 1323.693 Executing  VM operation: get/set locals
Event: 1323.693 Executing  VM operation: get/set locals done
Event: 1323.694 Executing  VM operation: get/set locals
Event: 1323.694 Executing  VM operation: get/set locals done
Event: 1323.694 Executing  VM operation: get/set locals
Event: 1323.694 Executing  VM operation: get/set locals done
Event: 1323.709 Executing  VM operation: get/set locals
Event: 1323.709 Executing  VM operation: get/set locals done
Event: 1323.710 Executing  VM operation: get/set locals
Event: 1323.710 Executing  VM operation: get/set locals done
Event: 1323.711 Executing  VM operation: get/set locals
Event: 1323.711 Executing  VM operation: get/set locals done
Event: 1323.980 Executing  VM operation: get/set locals
Event: 1323.980 Executing  VM operation: get/set locals done
Event: 1323.981 Executing  VM operation: get/set locals
Event: 1323.981 Executing  VM operation: get/set locals done
Event: 1323.981 Executing  VM operation: get/set locals
Event: 1323.981 Executing  VM operation: get/set locals done
Event: 1323.996 Executing  VM operation: get/set locals


Dynamic libraries:
0x00007ff649070000 - 0x00007ff649080000 	D:\jdk\bin\javaw.exe
0x00007ffaa28d0000 - 0x00007ffaa2ac5000 	C:\WINDOWS\SYSTEM32\ntdll.dll
0x00007ffaa22d0000 - 0x00007ffaa238d000 	C:\WINDOWS\System32\KERNEL32.DLL
0x00007ffaa01d0000 - 0x00007ffaa0499000 	C:\WINDOWS\System32\KERNELBASE.dll
0x00007ffaa0830000 - 0x00007ffaa0930000 	C:\WINDOWS\System32\ucrtbase.dll
0x00007ffa993c0000 - 0x00007ffa993d9000 	D:\jdk\bin\VCRUNTIME140.dll
0x00007ffa8eba0000 - 0x00007ffa8ebb8000 	D:\jdk\bin\jli.dll
0x00007ffaa1300000 - 0x00007ffaa13ac000 	C:\WINDOWS\System32\ADVAPI32.dll
0x00007ffaa23f0000 - 0x00007ffaa248e000 	C:\WINDOWS\System32\msvcrt.dll
0x00007ffaa0c40000 - 0x00007ffaa0cdc000 	C:\WINDOWS\System32\sechost.dll
0x00007ffaa1c30000 - 0x00007ffaa1d5b000 	C:\WINDOWS\System32\RPCRT4.dll
0x00007ffaa1160000 - 0x00007ffaa1300000 	C:\WINDOWS\System32\USER32.dll
0x00007ffa8c4f0000 - 0x00007ffa8c78a000 	C:\WINDOWS\WinSxS\amd64_microsoft.windows.common-controls_6595b64144ccf1df_6.0.19041.844_none_ca00b6081b84eb1d\COMCTL32.dll
0x00007ffaa0600000 - 0x00007ffaa0622000 	C:\WINDOWS\System32\win32u.dll
0x00007ffaa2390000 - 0x00007ffaa23ba000 	C:\WINDOWS\System32\GDI32.dll
0x00007ffaa00c0000 - 0x00007ffaa01cb000 	C:\WINDOWS\System32\gdi32full.dll
0x00007ffaa0630000 - 0x00007ffaa06cd000 	C:\WINDOWS\System32\msvcp_win.dll
0x00007ffa995a0000 - 0x00007ffa995aa000 	C:\WINDOWS\SYSTEM32\VERSION.dll
0x00007ffaa23c0000 - 0x00007ffaa23f0000 	C:\WINDOWS\System32\IMM32.DLL
0x00007ffa9bba0000 - 0x00007ffa9bbac000 	D:\jdk\bin\vcruntime140_1.dll
0x00007ffa54360000 - 0x00007ffa543f1000 	D:\jdk\bin\msvcp140.dll
0x00007ffa24880000 - 0x00007ffa2542b000 	D:\jdk\bin\server\jvm.dll
0x00007ffaa1c20000 - 0x00007ffaa1c28000 	C:\WINDOWS\System32\PSAPI.DLL
0x00007ffa8d970000 - 0x00007ffa8d997000 	C:\WINDOWS\SYSTEM32\WINMM.dll
0x00007ffa8fc90000 - 0x00007ffa8fc99000 	C:\WINDOWS\SYSTEM32\WSOCK32.dll
0x00007ffaa27c0000 - 0x00007ffaa282b000 	C:\WINDOWS\System32\WS2_32.dll
0x00007ffa9df50000 - 0x00007ffa9df62000 	C:\WINDOWS\SYSTEM32\kernel.appcore.dll
0x00007ffa8eb60000 - 0x00007ffa8eb6a000 	D:\jdk\bin\jimage.dll
0x00007ffa842d0000 - 0x00007ffa844b4000 	C:\WINDOWS\SYSTEM32\DBGHELP.DLL
0x00007ffa842a0000 - 0x00007ffa842cc000 	C:\WINDOWS\SYSTEM32\dbgcore.DLL
0x00007ffaa0550000 - 0x00007ffaa05d0000 	C:\WINDOWS\System32\bcryptPrimitives.dll
0x00007ffa6be50000 - 0x00007ffa6be8b000 	D:\jdk\bin\jdwp.dll
0x00007ffa9bb20000 - 0x00007ffa9bb2e000 	D:\jdk\bin\instrument.dll
0x00007ffa7e090000 - 0x00007ffa7e0b5000 	D:\jdk\bin\java.dll
0x00007ffaa13b0000 - 0x00007ffaa1af2000 	C:\WINDOWS\System32\SHELL32.dll
0x00007ffa9e150000 - 0x00007ffa9e8e0000 	C:\WINDOWS\SYSTEM32\windows.storage.dll
0x00007ffaa1d60000 - 0x00007ffaa20b5000 	C:\WINDOWS\System32\combase.dll
0x00007ffa9fa80000 - 0x00007ffa9faac000 	C:\WINDOWS\SYSTEM32\Wldp.dll
0x00007ffaa2560000 - 0x00007ffaa260e000 	C:\WINDOWS\System32\SHCORE.dll
0x00007ffaa0a90000 - 0x00007ffaa0ae5000 	C:\WINDOWS\System32\shlwapi.dll
0x00007ffa9ff50000 - 0x00007ffa9ff6f000 	C:\WINDOWS\SYSTEM32\profapi.dll
0x00007ffa916d0000 - 0x00007ffa916dc000 	D:\jdk\bin\dt_socket.dll
0x00007ffa9f4a0000 - 0x00007ffa9f4db000 	C:\WINDOWS\SYSTEM32\IPHLPAPI.DLL
0x00007ffa9f800000 - 0x00007ffa9f86a000 	C:\WINDOWS\system32\mswsock.dll
0x00007ffa9f4f0000 - 0x00007ffa9f5bb000 	C:\WINDOWS\SYSTEM32\DNSAPI.dll
0x00007ffaa0c30000 - 0x00007ffaa0c38000 	C:\WINDOWS\System32\NSI.dll
0x00007ffa8f0c0000 - 0x00007ffa8f0ca000 	C:\Windows\System32\rasadhlp.dll
0x00007ffa8ed00000 - 0x00007ffa8ed7f000 	C:\WINDOWS\System32\fwpuclnt.dll
0x00007ffaa05d0000 - 0x00007ffaa05f7000 	C:\WINDOWS\System32\bcrypt.dll
0x00007ffa6c330000 - 0x00007ffa6c348000 	D:\jdk\bin\zip.dll
0x00007ffa7b470000 - 0x00007ffa7b489000 	D:\jdk\bin\net.dll
0x00007ffa90d30000 - 0x00007ffa90e3c000 	C:\WINDOWS\SYSTEM32\WINHTTP.dll
0x00007ffa6c8d0000 - 0x00007ffa6c8e3000 	D:\jdk\bin\nio.dll
0x00007ffa8eb30000 - 0x00007ffa8eb40000 	D:\jdk\bin\verify.dll
0x00007ffa96980000 - 0x00007ffa96997000 	C:\WINDOWS\SYSTEM32\dhcpcsvc6.DLL
0x00007ffa96910000 - 0x00007ffa9692d000 	C:\WINDOWS\SYSTEM32\dhcpcsvc.DLL

dbghelp: loaded successfully - version: 4.0.5 - missing functions: none
symbol engine: initialized successfully - sym options: 0x614 - pdb path: .;D:\jdk\bin;C:\WINDOWS\SYSTEM32;C:\WINDOWS\WinSxS\amd64_microsoft.windows.common-controls_6595b64144ccf1df_6.0.19041.844_none_ca00b6081b84eb1d;D:\jdk\bin\server

VM Arguments:
jvm_args: -XX:+ShowCodeDetailsInExceptionMessages -agentlib:jdwp=transport=dt_socket,suspend=y,address=localhost:60646 -ea -javaagent:D:\eclipse\configuration\org.eclipse.osgi\406\0\.cp\lib\javaagent-shaded.jar -Dfile.encoding=UTF-8 
java_command: org.eclipse.jdt.internal.junit.runner.RemoteTestRunner -version 3 -port 60645 -testLoaderClass org.eclipse.jdt.internal.junit4.runner.JUnit4TestLoader -loaderpluginname org.eclipse.jdt.junit4.runtime -classNames org.apache.commons.mail.EmailTest
java_class_path (initial): D:\commons-email-1.3.2-src\target\test-classes;D:\commons-email-1.3.2-src\target\classes;C:\Users\1haid\.m2\repository\javax\mail\mail\1.4.5\mail-1.4.5.jar;C:\Users\1haid\.m2\repository\javax\activation\activation\1.1.1\activation-1.1.1.jar;C:\Users\1haid\.m2\repository\junit\junit\4.11\junit-4.11.jar;C:\Users\1haid\.m2\repository\org\hamcrest\hamcrest-core\1.3\hamcrest-core-1.3.jar;C:\Users\1haid\.m2\repository\commons-io\commons-io\2.2\commons-io-2.2.jar;C:\Users\1haid\.m2\repository\org\subethamail\subethasmtp\3.1.7\subethasmtp-3.1.7.jar;C:\Users\1haid\.m2\repository\org\slf4j\slf4j-api\1.6.1\slf4j-api-1.6.1.jar;C:\Users\1haid\.m2\repository\com\google\code\findbugs\jsr305\1.3.9\jsr305-1.3.9.jar;C:\Users\1haid\.m2\repository\org\powermock\powermock-module-junit4\1.4.12\powermock-module-junit4-1.4.12.jar;C:\Users\1haid\.m2\repository\org\powermock\powermock-module-junit4-common\1.4.12\powermock-module-junit4-common-1.4.12.jar;C:\Users\1haid\.m2\repository\org\powermock\powermock-core\1.4.12\powermock-core-1.4.12.jar;C:\Users\1haid\.m2\repository\org\javassist\javassist\3.16.1-GA\javassist-3.16.1-GA.jar;C:\Users\1haid\.m2\repository\org\powermock\powermock-reflect\1.4.12\powermock-reflect-1.4.12.jar;C:\Users\1haid\.m2\repository\org\powermock\powermock-api-easymock\1.4.12\powermock-api-easymock-1.4.12.jar;C:\Users\1haid\.m2\repository\org\powermock\powermock-api-support\1.4.12\powermock-api-support-1.4.12.jar;C:\Users\1haid\.m2\repository\org\easymock\easymock\3.1\easymock-3.1.jar;C:\Users\1haid\.m2\repository\cglib\cglib-nodep\2.2.2\cglib-nodep-2.2.2.jar;C:\Users\1haid\.m2\repository\org\objenesis\objenesis\1.2\objenesis-1.2.jar;C:\Users\1haid\.m2\repository\org\slf4j\slf4j-jdk14\1.6.1\slf4j-jdk14-1.6.1.jar;D:\eclipse\configuration\org.eclipse.osgi\404\0\.cp;D:\eclipse\configuration\org.eclipse.osgi\403\0\.cp
Launcher Type: SUN_STANDARD

[Global flags]
     intx CICompilerCount                          = 3                                         {product} {ergonomic}
     uint ConcGCThreads                            = 1                                         {product} {ergonomic}
     uint G1ConcRefinementThreads                  = 4                                         {product} {ergonomic}
   size_t G1HeapRegionSize                         = 1048576                                   {product} {ergonomic}
    uintx GCDrainStackTargetSize                   = 64                                        {product} {ergonomic}
   size_t InitialHeapSize                          = 134217728                                 {product} {ergonomic}
   size_t MarkStackSize                            = 4194304                                   {product} {ergonomic}
   size_t MaxHeapSize                              = 2118123520                                {product} {ergonomic}
   size_t MaxNewSize                               = 1270874112                                {product} {ergonomic}
   size_t MinHeapDeltaBytes                        = 1048576                                   {product} {ergonomic}
   size_t MinHeapSize                              = 8388608                                   {product} {ergonomic}
    uintx NonNMethodCodeHeapSize                   = 5832780                                {pd product} {ergonomic}
    uintx NonProfiledCodeHeapSize                  = 122912730                              {pd product} {ergonomic}
    uintx ProfiledCodeHeapSize                     = 122912730                              {pd product} {ergonomic}
    uintx ReservedCodeCacheSize                    = 251658240                              {pd product} {ergonomic}
     bool SegmentedCodeCache                       = true                                      {product} {ergonomic}
     bool ShowCodeDetailsInExceptionMessages       = true                                   {manageable} {command line}
   size_t SoftMaxHeapSize                          = 2118123520                             {manageable} {ergonomic}
     bool UseCompressedClassPointers               = true                           {product lp64_product} {ergonomic}
     bool UseCompressedOops                        = true                           {product lp64_product} {ergonomic}
     bool UseG1GC                                  = true                                      {product} {ergonomic}
     bool UseLargePagesIndividualAllocation        = false                                  {pd product} {ergonomic}

Logging:
Log output configuration:
 #0: stdout all=warning uptime,level,tags
 #1: stderr all=off uptime,level,tags

Environment Variables:
PATH=D:/jdk/bin/server;D:/jdk/bin;C:\Program Files\Common Files\Oracle\Java\javapath;C:\Program Files (x86)\Common Files\Oracle\Java\javapath;C:\Python39\Scripts\;C:\Python39\;C:\Users\Python37-32\Scripts\;C:\Users\Python37-32\;C:\Program Files (x86)\Intel\iCLS Client\;C:\Program Files\Intel\iCLS Client\;C:\Windows\system32;C:\Windows;C:\Windows\System32\Wbem;C:\Windows\System32\WindowsPowerShell\v1.0\;C:\Program Files (x86)\Intel\Intel(R) Management Engine Components\DAL;C:\Program Files\Intel\Intel(R) Management Engine Components\DAL;C:\Program Files (x86)\Intel\Intel(R) Management Engine Components\IPT;C:\Program Files\Intel\Intel(R) Management Engine Components\IPT;C:\WINDOWS\system32;C:\WINDOWS;C:\WINDOWS\System32\Wbem;C:\WINDOWS\System32\WindowsPowerShell\v1.0\;C:\WINDOWS\System32\OpenSSH\;C:\Program Files\dotnet\;C:\Program Files\Microsoft SQL Server\130\Tools\Binn\;C:\Program Files\NVIDIA Corporation\NVIDIA NvDLISR;C:\Program Files (x86)\NVIDIA Corporation\PhysX\Common;C:\Program Files\Git\cmd;C:\Program Files\Microsoft SQL Server\Client SDK\ODBC\170\Tools\Binn\;D:\nodejs\;C:\ProgramData\chocolatey\bin;;C:\WINDOWS\system32;C:\WINDOWS;C:\WINDOWS\System32\Wbem;C:\WINDOWS\System32\WindowsPowerShell\v1.0\;C:\WINDOWS\System32\OpenSSH\;C:\Program Files (x86)\Intel\Intel(R) Memory And Storage Tool\;C:\Program Files\MySQL\MySQL Shell 8.0\bin\;C:\Users\1haid\AppData\Local\Microsoft\WindowsApps;C:\Program Files (x86)\SSH Communications Security\SSH Secure Shell;C:\Users\1haid\AppData\Local\GitHubDesktop\bin;C:\Users\1haid\AppData\Local\atom\bin;D:\Python\PyCharm Community Edition 2020.1\bin;;C:\Program Files\Docker Toolbox;C:\Users\1haid\.dotnet\tools;D:\Visual Studio\Microsoft VS Code\bin;C:\Users\1haid\AppData\Roaming\npm;C:\Users\1haid\AppData\Local\Microsoft\WindowsApps;D:\SDK\dart-sdk\bin;;D:\eclipse;
USERNAME=1haid
OS=Windows_NT
PROCESSOR_IDENTIFIER=Intel64 Family 6 Model 158 Stepping 9, GenuineIntel



---------------  S Y S T E M  ---------------

OS:
 Windows 10 , 64 bit Build 19041 (10.0.19041.804)
OS uptime: 3 days 1:45 hours

CPU: total 4 (initial active 4) (4 cores per cpu, 1 threads per core) family 6 model 158 stepping 9 microcode 0xb4, cx8, cmov, fxsr, mmx, 3dnowpref, sse, sse2, sse3, ssse3, sse4.1, sse4.2, popcnt, lzcnt, tsc, tscinvbit, avx, avx2, aes, erms, clmul, bmi1, bmi2, adx, fma, vzeroupper, clflush, clflushopt

Memory: 4k page, system-wide physical 8075M (1993M free)
TotalPageFile size 15499M (AvailPageFile size 5832M)
current process WorkingSet (physical memory assigned to process): 46M, peak: 51M
current process commit charge ("private bytes"): 207M, peak: 212M

vm_info: Java HotSpot(TM) 64-Bit Server VM (16+36-2231) for windows-amd64 JRE (16+36-2231), built on Feb  8 2021 11:43:10 by "mach5one" with MS VC++ 16.7 (VS2019)

END.
